Arguments: 
  /usr/local/bin/node /usr/local/bin/yarn add gulp gulp-sass gulp-postcss autoprefixer cssnano gulp-sourcemaps brower-sync

PATH: 
  /Users/koo/.rvm/gems/ruby-2.3.4/bin:/Users/koo/.rvm/gems/ruby-2.3.4@global/bin:/Users/koo/.rvm/rubies/ruby-2.3.4/bin:/Users/koo/.cargo/bin:/usr/local/bin:/usr/bin:/bin:/usr/sbin:/sbin:/Users/koo/Desktop/gulp/node_modules/.bin:/Users/koo/.rvm/bin

Yarn version: 
  1.13.0

Node version: 
  11.10.1

Platform: 
  darwin x64

Trace: 
  Error: https://registry.yarnpkg.com/brower-sync: Not found
      at Request.params.callback [as _callback] (/usr/local/lib/node_modules/yarn/lib/cli.js:66255:18)
      at Request.self.callback (/usr/local/lib/node_modules/yarn/lib/cli.js:129397:22)
      at Request.emit (events.js:197:13)
      at Request.<anonymous> (/usr/local/lib/node_modules/yarn/lib/cli.js:130369:10)
      at Request.emit (events.js:197:13)
      at IncomingMessage.<anonymous> (/usr/local/lib/node_modules/yarn/lib/cli.js:130291:12)
      at Object.onceWrapper (events.js:285:13)
      at IncomingMessage.emit (events.js:202:15)
      at endReadableNT (_stream_readable.js:1129:12)
      at processTicksAndRejections (internal/process/next_tick.js:76:17)

npm manifest: 
  {
    "name": "gulp",
    "version": "1.0.0",
    "main": "index.js",
    "license": "MIT"
  }

yarn manifest: 
  No manifest

Lockfile: 
  No lockfile
